2025-06-29 22:08:13,588 INFO o.a.j.u.JMeterUtils: Setting Locale to en_EN
2025-06-29 22:08:13,640 INFO o.a.j.JMeter: Loading user properties from: C:\Users\HP\Desktop\apache-jmeter-5.6.3\bin\user.properties
2025-06-29 22:08:13,642 INFO o.a.j.JMeter: Loading system properties from: C:\Users\HP\Desktop\apache-jmeter-5.6.3\bin\system.properties
2025-06-29 22:08:13,667 INFO o.a.j.JMeter: Copyright (c) 1998-2024 The Apache Software Foundation
2025-06-29 22:08:13,667 INFO o.a.j.JMeter: Version 5.6.3
2025-06-29 22:08:13,667 INFO o.a.j.JMeter: java.version=24.0.1
2025-06-29 22:08:13,668 INFO o.a.j.JMeter: java.vm.name=Java HotSpot(TM) 64-Bit Server VM
2025-06-29 22:08:13,668 INFO o.a.j.JMeter: os.name=Windows 11
2025-06-29 22:08:13,668 INFO o.a.j.JMeter: os.arch=amd64
2025-06-29 22:08:13,669 INFO o.a.j.JMeter: os.version=10.0
2025-06-29 22:08:13,669 INFO o.a.j.JMeter: file.encoding=UTF-8
2025-06-29 22:08:13,669 INFO o.a.j.JMeter: java.awt.headless=null
2025-06-29 22:08:13,669 INFO o.a.j.JMeter: Max memory     =1073741824
2025-06-29 22:08:13,669 INFO o.a.j.JMeter: Available Processors =8
2025-06-29 22:08:13,702 INFO o.a.j.JMeter: Default Locale=English (EN)
2025-06-29 22:08:13,703 INFO o.a.j.JMeter: JMeter  Locale=English (EN)
2025-06-29 22:08:13,704 INFO o.a.j.JMeter: JMeterHome=C:\Users\HP\Desktop\apache-jmeter-5.6.3
2025-06-29 22:08:13,704 INFO o.a.j.JMeter: user.dir  =C:\Users\HP\SC-Grpup-2-DevOps-Project-1
2025-06-29 22:08:13,705 INFO o.a.j.JMeter: PWD       =C:\Users\HP\SC-Grpup-2-DevOps-Project-1
2025-06-29 22:08:13,708 INFO o.a.j.JMeter: IP: 192.168.0.14 Name: DESKTOP-A5T9DM6 FullName: DESKTOP-A5T9DM6
